Determining if files alsa/asoundlib.h exist failed with the following output:
Change Dir: /home/dell/Escritorio/Proyecto-1-Datos-2/target/debug/build/fltk-sys-fc997adec058429c/out/build/CMakeFiles/CMakeTmp

Run Build Command(s):/usr/bin/gmake -f Makefile cmTC_17a46/fast && /usr/bin/gmake  -f CMakeFiles/cmTC_17a46.dir/build.make CMakeFiles/cmTC_17a46.dir/build
gmake[1]: se entra en el directorio '/home/dell/Escritorio/Proyecto-1-Datos-2/target/debug/build/fltk-sys-fc997adec058429c/out/build/CMakeFiles/CMakeTmp'
Building C object CMakeFiles/cmTC_17a46.dir/HAVE_ALSA_ASOUNDLIB_H.c.o
/usr/bin/cc   -ffunction-sections -fdata-sections -fPIC -m64  -o CMakeFiles/cmTC_17a46.dir/HAVE_ALSA_ASOUNDLIB_H.c.o -c /home/dell/Escritorio/Proyecto-1-Datos-2/target/debug/build/fltk-sys-fc997adec058429c/out/build/CMakeFiles/CheckIncludeFiles/HAVE_ALSA_ASOUNDLIB_H.c
/home/dell/Escritorio/Proyecto-1-Datos-2/target/debug/build/fltk-sys-fc997adec058429c/out/build/CMakeFiles/CheckIncludeFiles/HAVE_ALSA_ASOUNDLIB_H.c:2:10: fatal error: alsa/asoundlib.h: No existe el archivo o el directorio
    2 | #include <alsa/asoundlib.h>
      |          ^~~~~~~~~~~~~~~~~~
compilation terminated.
gmake[1]: *** [CMakeFiles/cmTC_17a46.dir/build.make:78: CMakeFiles/cmTC_17a46.dir/HAVE_ALSA_ASOUNDLIB_H.c.o] Error 1
gmake[1]: se sale del directorio '/home/dell/Escritorio/Proyecto-1-Datos-2/target/debug/build/fltk-sys-fc997adec058429c/out/build/CMakeFiles/CMakeTmp'
gmake: *** [Makefile:127: cmTC_17a46/fast] Error 2


Source:
/* */
#include <alsa/asoundlib.h>


int main(void){return 0;}

Determining if files OpenGL/glu.h exist failed with the following output:
Change Dir: /home/dell/Escritorio/Proyecto-1-Datos-2/target/debug/build/fltk-sys-fc997adec058429c/out/build/CMakeFiles/CMakeTmp

Run Build Command(s):/usr/bin/gmake -f Makefile cmTC_de2a8/fast && /usr/bin/gmake  -f CMakeFiles/cmTC_de2a8.dir/build.make CMakeFiles/cmTC_de2a8.dir/build
gmake[1]: se entra en el directorio '/home/dell/Escritorio/Proyecto-1-Datos-2/target/debug/build/fltk-sys-fc997adec058429c/out/build/CMakeFiles/CMakeTmp'
Building C object CMakeFiles/cmTC_de2a8.dir/HAVE_OPENGL_GLU_H.c.o
/usr/bin/cc   -ffunction-sections -fdata-sections -fPIC -m64  -o CMakeFiles/cmTC_de2a8.dir/HAVE_OPENGL_GLU_H.c.o -c /home/dell/Escritorio/Proyecto-1-Datos-2/target/debug/build/fltk-sys-fc997adec058429c/out/build/CMakeFiles/CheckIncludeFiles/HAVE_OPENGL_GLU_H.c
/home/dell/Escritorio/Proyecto-1-Datos-2/target/debug/build/fltk-sys-fc997adec058429c/out/build/CMakeFiles/CheckIncludeFiles/HAVE_OPENGL_GLU_H.c:2:10: fatal error: OpenGL/glu.h: No existe el archivo o el directorio
    2 | #include <OpenGL/glu.h>
      |          ^~~~~~~~~~~~~~
compilation terminated.
gmake[1]: *** [CMakeFiles/cmTC_de2a8.dir/build.make:78: CMakeFiles/cmTC_de2a8.dir/HAVE_OPENGL_GLU_H.c.o] Error 1
gmake[1]: se sale del directorio '/home/dell/Escritorio/Proyecto-1-Datos-2/target/debug/build/fltk-sys-fc997adec058429c/out/build/CMakeFiles/CMakeTmp'
gmake: *** [Makefile:127: cmTC_de2a8/fast] Error 2


Source:
/* */
#include <OpenGL/glu.h>


int main(void){return 0;}

Determining if files sys/stdtypes.h exist failed with the following output:
Change Dir: /home/dell/Escritorio/Proyecto-1-Datos-2/target/debug/build/fltk-sys-fc997adec058429c/out/build/CMakeFiles/CMakeTmp

Run Build Command(s):/usr/bin/gmake -f Makefile cmTC_5030e/fast && /usr/bin/gmake  -f CMakeFiles/cmTC_5030e.dir/build.make CMakeFiles/cmTC_5030e.dir/build
gmake[1]: se entra en el directorio '/home/dell/Escritorio/Proyecto-1-Datos-2/target/debug/build/fltk-sys-fc997adec058429c/out/build/CMakeFiles/CMakeTmp'
Building C object CMakeFiles/cmTC_5030e.dir/HAVE_SYS_STDTYPES_H.c.o
/usr/bin/cc   -ffunction-sections -fdata-sections -fPIC -m64  -o CMakeFiles/cmTC_5030e.dir/HAVE_SYS_STDTYPES_H.c.o -c /home/dell/Escritorio/Proyecto-1-Datos-2/target/debug/build/fltk-sys-fc997adec058429c/out/build/CMakeFiles/CheckIncludeFiles/HAVE_SYS_STDTYPES_H.c
/home/dell/Escritorio/Proyecto-1-Datos-2/target/debug/build/fltk-sys-fc997adec058429c/out/build/CMakeFiles/CheckIncludeFiles/HAVE_SYS_STDTYPES_H.c:2:10: fatal error: sys/stdtypes.h: No existe el archivo o el directorio
    2 | #include <sys/stdtypes.h>
      |          ^~~~~~~~~~~~~~~~
compilation terminated.
gmake[1]: *** [CMakeFiles/cmTC_5030e.dir/build.make:78: CMakeFiles/cmTC_5030e.dir/HAVE_SYS_STDTYPES_H.c.o] Error 1
gmake[1]: se sale del directorio '/home/dell/Escritorio/Proyecto-1-Datos-2/target/debug/build/fltk-sys-fc997adec058429c/out/build/CMakeFiles/CMakeTmp'
gmake: *** [Makefile:127: cmTC_5030e/fast] Error 2


Source:
/* */
#include <sys/stdtypes.h>


int main(void){return 0;}

Determining if the function strlcat exists failed with the following output:
Change Dir: /home/dell/Escritorio/Proyecto-1-Datos-2/target/debug/build/fltk-sys-fc997adec058429c/out/build/CMakeFiles/CMakeTmp

Run Build Command(s):/usr/bin/gmake -f Makefile cmTC_e10b2/fast && /usr/bin/gmake  -f CMakeFiles/cmTC_e10b2.dir/build.make CMakeFiles/cmTC_e10b2.dir/build
gmake[1]: se entra en el directorio '/home/dell/Escritorio/Proyecto-1-Datos-2/target/debug/build/fltk-sys-fc997adec058429c/out/build/CMakeFiles/CMakeTmp'
Building C object CMakeFiles/cmTC_e10b2.dir/CheckFunctionExists.c.o
/usr/bin/cc   -ffunction-sections -fdata-sections -fPIC -m64 -DCHECK_FUNCTION_EXISTS=strlcat -o CMakeFiles/cmTC_e10b2.dir/CheckFunctionExists.c.o -c /usr/share/cmake-3.22/Modules/CheckFunctionExists.c
Linking C executable cmTC_e10b2
/usr/bin/cmake -E cmake_link_script CMakeFiles/cmTC_e10b2.dir/link.txt --verbose=1
/usr/bin/cc  -ffunction-sections -fdata-sections -fPIC -m64 -DCHECK_FUNCTION_EXISTS=strlcat CMakeFiles/cmTC_e10b2.dir/CheckFunctionExists.c.o -o cmTC_e10b2 
/usr/bin/ld: CMakeFiles/cmTC_e10b2.dir/CheckFunctionExists.c.o: en la función `main':
CheckFunctionExists.c:(.text.main+0x14): referencia a `strlcat' sin definir
collect2: error: ld returned 1 exit status
gmake[1]: *** [CMakeFiles/cmTC_e10b2.dir/build.make:99: cmTC_e10b2] Error 1
gmake[1]: se sale del directorio '/home/dell/Escritorio/Proyecto-1-Datos-2/target/debug/build/fltk-sys-fc997adec058429c/out/build/CMakeFiles/CMakeTmp'
gmake: *** [Makefile:127: cmTC_e10b2/fast] Error 2



Determining if the function strlcpy exists failed with the following output:
Change Dir: /home/dell/Escritorio/Proyecto-1-Datos-2/target/debug/build/fltk-sys-fc997adec058429c/out/build/CMakeFiles/CMakeTmp

Run Build Command(s):/usr/bin/gmake -f Makefile cmTC_bde60/fast && /usr/bin/gmake  -f CMakeFiles/cmTC_bde60.dir/build.make CMakeFiles/cmTC_bde60.dir/build
gmake[1]: se entra en el directorio '/home/dell/Escritorio/Proyecto-1-Datos-2/target/debug/build/fltk-sys-fc997adec058429c/out/build/CMakeFiles/CMakeTmp'
Building C object CMakeFiles/cmTC_bde60.dir/CheckFunctionExists.c.o
/usr/bin/cc   -ffunction-sections -fdata-sections -fPIC -m64 -DCHECK_FUNCTION_EXISTS=strlcpy -o CMakeFiles/cmTC_bde60.dir/CheckFunctionExists.c.o -c /usr/share/cmake-3.22/Modules/CheckFunctionExists.c
Linking C executable cmTC_bde60
/usr/bin/cmake -E cmake_link_script CMakeFiles/cmTC_bde60.dir/link.txt --verbose=1
/usr/bin/cc  -ffunction-sections -fdata-sections -fPIC -m64 -DCHECK_FUNCTION_EXISTS=strlcpy CMakeFiles/cmTC_bde60.dir/CheckFunctionExists.c.o -o cmTC_bde60 
/usr/bin/ld: CMakeFiles/cmTC_bde60.dir/CheckFunctionExists.c.o: en la función `main':
CheckFunctionExists.c:(.text.main+0x14): referencia a `strlcpy' sin definir
collect2: error: ld returned 1 exit status
gmake[1]: *** [CMakeFiles/cmTC_bde60.dir/build.make:99: cmTC_bde60] Error 1
gmake[1]: se sale del directorio '/home/dell/Escritorio/Proyecto-1-Datos-2/target/debug/build/fltk-sys-fc997adec058429c/out/build/CMakeFiles/CMakeTmp'
gmake: *** [Makefile:127: cmTC_bde60/fast] Error 2



